【2018-03-05-22:37:07】 ——————————————————————————————————————————————————————————————————————————————————
大陆is over.And There are 6780 movies
【2018-03-05-22:39:51】 ——————————————————————————————————————————————————————————————————————————————————
美国is over.And There are 9798 movies
【2018-03-05-22:41:09】 ——————————————————————————————————————————————————————————————————————————————————
香港is over.And There are 4689 movies
【2018-03-05-22:41:33】 ——————————————————————————————————————————————————————————————————————————————————
台湾is over.And There are 1550 movies
【2018-03-05-22:43:33】 ——————————————————————————————————————————————————————————————————————————————————
日本is over.And There are 8470 movies
【2018-03-05-22:43:59】 ——————————————————————————————————————————————————————————————————————————————————
韩国is over.And There are 2147 movies
【2018-03-05-22:45:30】 ——————————————————————————————————————————————————————————————————————————————————
英国is over.And There are 6261 movies
【2018-03-05-22:47:43】 ——————————————————————————————————————————————————————————————————————————————————
大陆is over.And There are 6784 movies
【2018-03-05-22:50:38】 ——————————————————————————————————————————————————————————————————————————————————
美国is over.And There are 9798 movies
【2018-03-05-22:51:47】 ——————————————————————————————————————————————————————————————————————————————————
香港is over.And There are 4689 movies
【2018-03-05-22:52:10】 ——————————————————————————————————————————————————————————————————————————————————
台湾is over.And There are 1550 movies
【2018-03-05-22:54:15】 ——————————————————————————————————————————————————————————————————————————————————
日本is over.And There are 8470 movies
【2018-03-05-22:54:43】 ——————————————————————————————————————————————————————————————————————————————————
韩国is over.And There are 2147 movies
【2018-03-05-22:56:18】 ——————————————————————————————————————————————————————————————————————————————————
英国is over.And There are 6261 movies
【2018-03-05-22:57:41】 ——————————————————————————————————————————————————————————————————————————————————
法国is over.And There are 6066 movies
【2018-03-05-22:58:29】 ——————————————————————————————————————————————————————————————————————————————————
德国is over.And There are 3188 movies
【2018-03-05-22:58:54】 ——————————————————————————————————————————————————————————————————————————————————
意大利is over.And There are 1816 movies
【2018-03-05-22:59:10】 ——————————————————————————————————————————————————————————————————————————————————
西班牙is over.And There are 1266 movies
【2018-03-05-22:59:20】 ——————————————————————————————————————————————————————————————————————————————————
印度is over.And There are 717 movies
【2018-03-05-22:59:26】 ——————————————————————————————————————————————————————————————————————————————————
泰国is over.And There are 514 movies
【2018-03-05-22:59:39】 ——————————————————————————————————————————————————————————————————————————————————
俄罗斯is over.And There are 853 movies
【2018-03-05-22:59:42】 ——————————————————————————————————————————————————————————————————————————————————
伊朗is over.And There are 181 movies
【2018-03-05-23:00:09】 ——————————————————————————————————————————————————————————————————————————————————
加拿大is over.And There are 1810 movies
【2018-03-05-23:00:18】 ——————————————————————————————————————————————————————————————————————————————————
澳大利亚is over.And There are 682 movies
【2018-03-05-23:00:25】 ——————————————————————————————————————————————————————————————————————————————————
爱尔兰is over.And There are 321 movies
【2018-03-05-23:00:33】 ——————————————————————————————————————————————————————————————————————————————————
瑞典is over.And There are 494 movies
【2018-03-05-23:00:36】 ——————————————————————————————————————————————————————————————————————————————————
巴西is over.And There are 250 movies
【2018-03-05-23:00:41】 ——————————————————————————————————————————————————————————————————————————————————
丹麦is over.And There are 421 movies

【2018-03-07-13:05:45】 【ERROR】法国(1064, 'You have an error in your SQL syntax; check the manual that corresponds to your MySQL server version for the right syntax to use near \'0,"https://img3.doubanio.com/view/photo/s_ratio_poster/public/p2386120724.jpg","\' at line 1')
【2018-03-07-13:08:25】 【ERROR】法国(1064, 'You have an error in your SQL syntax; check the manual that corresponds to your MySQL server version for the right syntax to use near \'0,"https://img3.doubanio.com/view/photo/s_ratio_poster/public/p2386120724.jpg","\' at line 1')
【2018-03-07-13:12:38】 【ERROR】法国(1064, 'You have an error in your SQL syntax; check the manual that corresponds to your MySQL server version for the right syntax to use near \'0,"https://img3.doubanio.com/view/photo/s_ratio_poster/public/p2386120724.jpg","\' at line 1')
【2018-03-07-13:16:49】 【INFO】法国第549部电影--斯大林之死--id:26779885收录完成
【2018-03-07-13:16:50】 【INFO】法国第550部电影--前任--id:3162953收录完成
【2018-03-07-13:16:51】 【INFO】法国第551部电影--童梦失魂夜--id:1306450收录完成
【2018-03-07-13:16:52】 【INFO】法国第552部电影--走钢丝的人--id:2969582收录完成
【2018-03-07-13:16:53】 【INFO】法国第553部电影--亚利桑那之梦--id:1293191收录完成
【2018-03-07-13:16:54】 【INFO】法国第554部电影--床的另一边--id:3212289收录完成
【2018-03-07-13:16:56】 【INFO】法国第555部电影--乐士浮生录--id:1291857收录完成
【2018-03-07-13:16:57】 【INFO】法国第556部电影--罗塞塔--id:1300820收录完成
【2018-03-07-13:16:58】 【INFO】法国第557部电影--绿光--id:1294039收录完成
【2018-03-07-13:16:59】 【INFO】法国第558部电影--暗流2：末日天使--id:1308790收录完成
【2018-03-07-13:17:00】 【INFO】法国第559部电影--画魂--id:1297514收录完成
【2018-03-07-13:17:01】 【INFO】法国第560部电影--豹--id:1293146收录完成
【2018-03-07-13:17:02】 【INFO】法国第561部电影--女儿国的杰基--id:20490940收录完成
【2018-03-07-13:17:03】 【INFO】法国第562部电影--奇遇--id:1389923收录完成
【2018-03-07-13:17:04】 【INFO】法国第563部电影--我想吃掉你--id:3564327收录完成
【2018-03-07-13:17:05】 【INFO】法国第564部电影--所罗门王凯恩--id:2969402收录完成
【2018-03-07-13:17:06】 【INFO】法国第565部电影--泳池情杀案--id:1307427收录完成
【2018-03-07-13:17:07】 【INFO】法国第566部电影--的士飚花--id:1309091收录完成
【2018-03-07-13:17:08】 【INFO】法国第567部电影--似是故人来--id:1294496收录完成
【2018-03-07-13:17:09】 【INFO】法国第568部电影--遁入虚无--id:3001184收录完成
【2018-03-07-13:17:10】 【INFO】法国第569部电影--巴黎危机--id:25834333收录完成
【2018-03-07-13:17:11】 【INFO】法国第570部电影--地下铁--id:1292467收录完成
【2018-03-07-13:17:12】 【INFO】法国第571部电影--趣味游戏--id:1306548收录完成
【2018-03-07-13:17:14】 【INFO】法国第572部电影--追踪长尾豹马修--id:6030611收录完成
【2018-03-07-13:17:15】 【INFO】法国第573部电影--紫蝴蝶--id:1303217收录完成
【2018-03-07-13:17:16】 【INFO】法国第574部电影--白色严冬--id:6129462收录完成
【2018-03-07-13:17:18】 【INFO】法国第575部电影--晚餐游戏--id:1306472收录完成
【2018-03-07-13:17:18】 【INFO】法国第576部电影--印度支那--id:1293285收录完成
【2018-03-07-13:17:20】 【INFO】法国第577部电影--美丽的人--id:3155839收录完成
【2018-03-07-13:17:21】 【INFO】法国第578部电影--伤心小号曲--id:4924799收录完成
【2018-03-07-13:17:22】 【INFO】法国第579部电影--阿玛柯德--id:1298672收录完成
【2018-03-07-13:17:23】 【INFO】法国第580部电影--能召回前世的布米叔叔--id:4280102收录完成
【2018-03-07-13:17:24】 【INFO】法国第581部电影--瑟堡的雨伞--id:1301646收录完成
【2018-03-07-13:17:25】 【INFO】法国第582部电影--花神咖啡馆--id:4160524收录完成
【2018-03-07-13:17:26】 【INFO】法国第583部电影--隐藏的恋情--id:1946786收录完成
【2018-03-07-13:17:27】 【INFO】法国第584部电影--大都会--id:3893814收录完成
【2018-03-07-13:17:28】 【INFO】法国第585部电影--心底的逆流--id:4270672收录完成
【2018-03-07-13:17:31】 【INFO】法国第586部电影--疾走天堂--id:1294387收录完成
【2018-03-07-13:17:32】 【INFO】法国第587部电影--蹩脚英语--id:1962115收录完成
【2018-03-07-13:17:33】 【INFO】法国第588部电影--超级维纳斯--id:25972855收录完成
【2018-03-07-13:17:34】 【INFO】法国第589部电影--法外之徒--id:1401588收录完成
【2018-03-07-13:17:35】 【INFO】法国第590部电影--枕边的男人--id:3212306收录完成
【2018-03-07-13:17:36】 【INFO】法国第591部电影--美食家--id:1308457收录完成
【2018-03-07-13:17:37】 【INFO】法国第592部电影--夜幕下的故事--id:5938000收录完成
【2018-03-07-13:17:39】 【INFO】法国第593部电影--阿薇尔与虚构世界--id:25821673收录完成
【2018-03-07-13:17:40】 【INFO】法国第594部电影--秋日奏鸣曲--id:1297268收录完成
【2018-03-07-13:17:41】 【INFO】法国第595部电影--莎拉的钥匙--id:4883300收录完成
【2018-03-07-13:17:42】 【INFO】法国第596部电影--夜--id:1361252收录完成
【2018-03-07-13:17:43】 【INFO】法国第597部电影--绿卡--id:1293651收录完成
【2018-03-07-13:17:44】 【INFO】法国第598部电影--惊恐小镇--id:4061047收录完成
【2018-03-07-13:17:45】 【INFO】法国第599部电影--花神咖啡馆的情人们--id:1935146收录完成
【2018-03-07-13:17:47】 【INFO】法国第600部电影--透纳先生--id:21319853收录完成
【2018-03-07-13:17:48】 【INFO】法国第601部电影--汤姆的农场旅行--id:20276230收录完成
【2018-03-07-13:17:49】 【INFO】法国第602部电影--非法入境--id:3285622收录完成
【2018-03-07-13:17:50】 【INFO】法国第603部电影--夜莺--id:19962587收录完成
【2018-03-07-13:17:51】 【INFO】法国第604部电影--小城之春--id:1301272收录完成
【2018-03-07-13:17:52】 【INFO】法国第605部电影--春天的故事--id:1293632收录完成
【2018-03-07-13:17:53】 【INFO】法国第606部电影--星图--id:11502912收录完成
【2018-03-07-13:17:54】 【INFO】法国第607部电影--法国贩毒网--id:3013046收录完成
【2018-03-07-13:17:55】 【INFO】法国第608部电影--人体雕像--id:1862397收录完成
【2018-03-07-13:17:56】 【INFO】法国第609部电影--悲惨世界--id:1420080收录完成
【2018-03-07-13:17:57】 【INFO】法国第610部电影--得买新鞋了--id:10461726收录完成
【2018-03-07-13:17:59】 【INFO】法国第611部电影--汉娜·阿伦特--id:10748498收录完成
【2018-03-07-13:17:59】 【INFO】法国第612部电影--夏天的故事--id:1302675收录完成
【2018-03-07-13:18:01】 【INFO】法国第613部电影--恶魔--id:1293213收录完成
【2018-03-07-13:18:02】 【INFO】法国第615部电影--无声婚礼--id:3419943收录完成
【2018-03-07-13:18:03】 【INFO】法国第616部电影--里昂黑帮--id:6877524收录完成
【2018-03-07-13:18:04】 【INFO】法国第617部电影--随心所欲--id:1296757收录完成
【2018-03-07-13:18:06】 【INFO】法国第618部电影--地球--id:2264077收录完成
【2018-03-07-13:18:08】 【INFO】法国第620部电影--我是女生，也是男生--id:2084721收录完成
【2018-03-07-13:18:09】 【INFO】法国第621部电影--欲孽迷宫--id:2075721收录完成
【2018-03-07-13:18:09】 【INFO】法国第622部电影--身在其中--id:1963710收录完成
【2018-03-07-13:18:11】 【INFO】法国第623部电影--噪反城市--id:3212318收录完成
【2018-03-07-13:18:12】 【INFO】法国第624部电影--不道德的审判--id:1301601收录完成
【2018-03-07-13:18:13】 【INFO】法国第625部电影--冬天的故事--id:1293388收录完成
【2018-03-07-13:18:14】 【INFO】法国第626部电影--危险关系--id:1295713收录完成
【2018-03-07-13:18:15】 【INFO】法国第627部电影--卓别林--id:1297368收录完成
【2018-03-07-13:18:16】 【INFO】法国第628部电影--狙击职业杀手--id:1294863收录完成
【2018-03-07-13:18:17】 【INFO】法国第629部电影--无尽--id:4930406收录完成
【2018-03-07-13:18:18】 【INFO】法国第630部电影--天使的一份--id:6396294收录完成
【2018-03-07-13:18:19】 【INFO】法国第631部电影--黑金--id:5046033收录完成
【2018-03-07-13:18:20】 【INFO】法国第632部电影--一件幸福的事--id:6745433收录完成
【2018-03-07-13:18:21】 【INFO】法国第633部电影--圣歌--id:1771925收录完成
【2018-03-07-13:18:22】 【INFO】法国第634部电影--一个男人和一个女人--id:1297606收录完成
【2018-03-07-13:18:23】 【INFO】法国第635部电影--游戏规则--id:1401261收录完成
【2018-03-07-13:18:24】 【INFO】法国第636部电影--孩子--id:1418570收录完成
【2018-03-07-13:18:25】 【INFO】法国第637部电影--我心遗忘的节奏--id:1309066收录完成
【2018-03-07-13:18:26】 【INFO】法国第638部电影--画之国--id:6877520收录完成
【2018-03-07-13:18:27】 【INFO】法国第639部电影--真实--id:19962556收录完成
【2018-03-07-13:18:28】 【INFO】法国第640部电影--牺牲--id:1294531收录完成
【2018-03-07-13:18:29】 【INFO】法国第641部电影--时空访客--id:1304541收录完成
【2018-03-07-13:18:31】 【INFO】法国第642部电影--恐惧的代价--id:1299932收录完成
【2018-03-07-13:18:32】 【INFO】法国第643部电影--年轻的亚当--id:1306161收录完成
【2018-03-07-13:18:33】 【INFO】法国第644部电影--潜龙轰天--id:1301447收录完成
【2018-03-07-13:18:34】 【INFO】法国第645部电影--通往仙境--id:4301268收录完成
【2018-03-07-13:18:35】 【INFO】法国第646部电影--工厂大门--id:1401761收录完成
【2018-03-07-13:18:37】 【INFO】法国第647部电影--类人猿行动--id:26335580收录完成
【2018-03-07-13:18:38】 【INFO】法国第648部电影--玛奇丝--id:1292685收录完成
【2018-03-07-13:18:40】 【INFO】法国第649部电影--新龙凤配--id:1301221收录完成
【2018-03-07-13:18:41】 【INFO】法国第650部电影--第二滴血--id:1951163收录完成
【2018-03-07-13:18:41】 【INFO】法国第651部电影--爱我多深--id:1510114收录完成
【2018-03-07-13:18:43】 【INFO】法国第652部电影--红圈--id:1401915收录完成
【2018-03-07-13:18:44】 【INFO】法国第653部电影--教皇诞生--id:3804683收录完成
【2018-03-07-13:18:45】 【INFO】法国第654部电影--美味毒妇--id:20397453收录完成
【2018-03-07-13:18:46】 【INFO】法国第655部电影--时差--id:1326206收录完成
【2018-03-07-13:18:47】 【INFO】法国第656部电影--空中杀阵--id:1550450收录完成
【2018-03-07-13:18:48】 【INFO】法国第657部电影--内陆帝国--id:1438734收录完成
【2018-03-07-13:18:49】 【INFO】法国第658部电影--我的舅舅--id:1400829收录完成
【2018-03-07-13:18:50】 【INFO】法国第659部电影--国王的全息图--id:24753712收录完成
【2018-03-07-13:18:51】 【INFO】法国第660部电影--疯狗强尼--id:3047756收录完成
【2018-03-07-13:18:52】 【INFO】法国第661部电影--课室风云--id:2170919收录完成
【2018-03-07-13:18:53】 【INFO】法国第662部电影--巴比龙--id:1293820收录完成
【2018-03-07-13:18:55】 【INFO】法国第663部电影--勒阿弗尔--id:4030657收录完成
【2018-03-07-13:18:56】 【INFO】法国第664部电影--午餐盒--id:20388680收录完成
【2018-03-07-13:18:57】 【INFO】法国第665部电影--临渊而立--id:26664345收录完成
【2018-03-07-13:18:58】 【INFO】法国第666部电影--时空急转弯--id:1292736收录完成
【2018-03-07-13:18:59】 【INFO】法国第667部电影--巴黎两日情--id:1981335收录完成
【2018-03-07-13:19:00】 【INFO】法国第668部电影--乐队来访--id:2079017收录完成
【2018-03-07-13:19:01】 【INFO】法国第669部电影--月亮坪的秘密--id:2037958收录完成
【2018-03-07-13:19:03】 【INFO】法国第670部电影--温布尔登--id:1308763收录完成
【2018-03-07-13:19:05】 【INFO】法国第671部电影--捕鼠者--id:1322674收录完成
【2018-03-07-13:19:05】 【INFO】法国第672部电影--忘年恋曲--id:10442182收录完成
【2018-03-07-13:19:07】 【INFO】法国第673部电影--水仙花开--id:2063533收录完成
【2018-03-07-13:19:08】 【INFO】法国第674部电影--阳光宝贝--id:3268358收录完成
【2018-03-07-13:19:09】 【INFO】法国第675部电影--青蛙的预言--id:1309010收录完成
【2018-03-07-13:19:10】 【INFO】法国第676部电影--单刀直入--id:4922398收录完成
【2018-03-07-13:19:12】 【INFO】法国第677部电影--远离天堂--id:1305986收录完成
【2018-03-07-13:19:13】 【INFO】法国第678部电影--爱很怪--id:24706561收录完成
【2018-03-07-13:19:14】 【INFO】法国第679部电影--红海龟--id:26376558收录完成
【2018-03-07-13:19:15】 【INFO】法国第681部电影--一级谋杀--id:1293373收录完成
【2018-03-07-13:19:16】 【INFO】法国第682部电影--十二--id:3637247收录完成
【2018-03-07-13:19:18】 【INFO】法国第683部电影--钱--id:1303536收录完成
【2018-03-07-13:19:19】 【INFO】法国第684部电影--最后的猎人--id:1464303收录完成
【2018-03-07-13:19:21】 【INFO】法国第685部电影--骑士酒店--id:2264404收录完成
【2018-03-07-13:19:22】 【INFO】法国第686部电影--绝岭雄风--id:1293952收录完成
【2018-03-07-13:19:23】 【INFO】法国第687部电影--恶狗帮--id:4723096收录完成
【2018-03-07-13:19:24】 【INFO】法国第688部电影--亡命地中海--id:10461681收录完成
【2018-03-07-13:19:25】 【INFO】法国第689部电影--我的夜晚比你的白天更美--id:1296797收录完成
【2018-03-07-13:19:26】 【INFO】法国第690部电影--玫瑰之名--id:1294634收录完成
【2018-03-07-13:19:27】 【INFO】法国第691部电影--企业战士--id:1306530收录完成
【2018-03-07-13:19:28】 【INFO】法国第692部电影--洞--id:1307991收录完成
【2018-03-07-13:19:29】 【INFO】法国第693部电影--双峰镇：与火同行--id:1303472收录完成
【2018-03-07-13:19:30】 【INFO】法国第694部电影--黎巴嫩--id:3902408收录完成
【2018-03-07-13:19:31】 【INFO】法国第695部电影--梅格雷的陷阱--id:26608800收录完成
【2018-03-07-13:19:32】 【INFO】法国第696部电影--水浇园丁--id:1867744收录完成
【2018-03-07-13:19:33】 【INFO】法国第697部电影--我生命中的男人--id:1810519收录完成
【2018-03-07-13:19:34】 【INFO】法国第699部电影--橡皮轮胎杀手--id:4813645收录完成
【2018-03-07-13:19:36】 【INFO】法国第700部电影--今生情未了--id:1301689收录完成
【2018-03-07-13:19:37】 【INFO】法国第701部电影--一九零零--id:1300956收录完成
【2018-03-07-13:19:39】 【INFO】法国第702部电影--纽约两日情--id:5413813收录完成
【2018-03-07-13:19:39】 【INFO】法国第703部电影--勇士之门--id:25845294收录完成
【2018-03-07-13:19:40】 【INFO】法国第704部电影--附身--id:10744976收录完成
【2018-03-07-13:19:41】 【INFO】法国第705部电影--城市英雄--id:1299287收录完成
【2018-03-07-13:19:43】 【INFO】法国第706部电影--非常小王子--id:1921917收录完成
【2018-03-07-13:19:43】 【INFO】法国第707部电影--崭新的生活--id:3212133收录完成
【2018-03-07-13:19:44】 【INFO】法国第708部电影--新灵犬莱西--id:1771288收录完成
【2018-03-07-13:19:45】 【INFO】法国第709部电影--未来学大会--id:6432898收录完成
【2018-03-07-13:19:47】 【INFO】法国第710部电影--没有面孔的眼睛--id:1297735收录完成
【2018-03-07-13:19:48】 【INFO】法国第711部电影--爱在记忆消逝前--id:3036465收录完成
【2018-03-07-13:19:49】 【INFO】法国第712部电影--圣女贞德蒙难记--id:1293783收录完成
【2018-03-07-13:19:50】 【INFO】法国第713部电影--头号公敌--id:3199971收录完成
【2018-03-07-13:19:52】 【INFO】法国第714部电影--多米诺--id:1422915收录完成
【2018-03-07-13:19:53】 【INFO】法国第715部电影--包法利夫人--id:1303948收录完成
【2018-03-07-13:19:54】 【INFO】法国第716部电影--雪盲--id:2024935收录完成
【2018-03-07-13:19:55】 【INFO】法国第717部电影--尤里西斯的凝视--id:1294573收录完成
【2018-03-07-13:19:56】 【INFO】法国第718部电影--不可告人--id:1917086收录完成
【2018-03-07-13:19:57】 【INFO】法国第719部电影--郊游--id:10771216收录完成
【2018-03-07-13:19:58】 【INFO】法国第720部电影--午后之爱--id:1293963收录完成
【2018-03-07-13:19:59】 【INFO】法国第721部电影--思维空间--id:10432181收录完成
【2018-03-07-13:20:00】 【INFO】法国第722部电影--小偷--id:1295991收录完成
【2018-03-07-13:20:02】 【INFO】法国第723部电影--艾曼纽--id:1296869收录完成
【2018-03-07-13:20:03】 【INFO】法国第724部电影--科学小怪蛋--id:1997938收录完成
【2018-03-07-13:20:04】 【INFO】法国第725部电影--直到遇见你--id:4298405收录完成
【2018-03-07-13:20:05】 【INFO】法国第726部电影--光荣岁月--id:1786231收录完成
【2018-03-07-13:20:06】 【INFO】法国第727部电影--乡村牧师日记--id:1401618收录完成
【2018-03-07-13:20:07】 【INFO】法国第728部电影--没有影子的人--id:1780932收录完成
【2018-03-07-13:20:08】 【INFO】法国第729部电影--魔法圣婴--id:1296814收录完成
【2018-03-07-13:20:13】 【INFO】法国第730部电影--老枪--id:1299903收录完成
【2018-03-07-13:20:15】 【INFO】法国第731部电影--一千零一夜--id:1294654收录完成
【2018-03-07-13:20:16】 【INFO】法国第732部电影--邂逅幸福--id:6724946收录完成
【2018-03-07-13:20:17】 【INFO】法国第733部电影--臆想成病--id:25798252收录完成
【2018-03-07-13:20:18】 【INFO】法国第734部电影--切·格瓦拉传：游击队--id:1471508收录完成
【2018-03-07-13:20:19】 【INFO】法国第735部电影--女人就是女人--id:1293849收录完成
【2018-03-07-13:20:21】 【INFO】法国第736部电影--斯黛拉--id:3005367收录完成
【2018-03-07-13:20:23】 【INFO】法国第737部电影--零点定理--id:11610450收录完成
【2018-03-07-13:20:26】 【INFO】法国第738部电影--纵情四海--id:1305526收录完成
【2018-03-07-13:20:27】 【INFO】法国第739部电影--女收藏家--id:1297344收录完成
【2018-03-07-13:20:28】 【INFO】法国第740部电影--中国益智游戏--id:6437136收录完成
【2018-03-07-13:20:29】 【INFO】法国第741部电影--夏日时光--id:1949376收录完成
【2018-03-07-13:20:31】 【INFO】法国第742部电影--生命是个奇迹--id:1416895收录完成
【2018-03-07-13:20:32】 【INFO】法国第743部电影--给我一个爸--id:1303026收录完成
【2018-03-07-13:20:33】 【INFO】法国第744部电影--蔑视--id:1303555收录完成
【2018-03-07-13:20:34】 【INFO】法国第745部电影--你还活着--id:2002696收录完成
【2018-03-07-13:20:35】 【INFO】法国第746部电影--在希尔维亚城中--id:2156060收录完成
【2018-03-07-13:20:37】 【INFO】法国第747部电影--慕德家一夜--id:1296283收录完成
【2018-03-07-13:20:38】 【INFO】法国第748部电影--鲸鱼马戏团--id:1416898收录完成
【2018-03-07-13:20:39】 【INFO】法国第749部电影--圣罗兰传--id:21370611收录完成
【2018-03-07-13:20:39】 【INFO】法国第750部电影--使命召唤--id:20379462收录完成
【2018-03-07-13:20:40】 【INFO】法国第751部电影--佐杜洛夫斯基的沙丘--id:24312655收录完成
【2018-03-07-13:20:43】 【INFO】法国第752部电影--红与黑--id:1433702收录完成
【2018-03-07-13:20:44】 【INFO】法国第753部电影--起名风波--id:10521937收录完成
【2018-03-07-13:20:44】 【INFO】法国第754部电影--一键成名--id:6959179收录完成
【2018-03-07-13:20:46】 【INFO】法国第755部电影--爱与死--id:1293945收录完成
【2018-03-07-13:20:47】 【INFO】法国第756部电影--没有过去的男人--id:1307790收录完成
【2018-03-07-13:20:48】 【INFO】法国第757部电影--河上的爱情--id:3212098收录完成
【2018-03-07-13:20:49】 【INFO】法国第758部电影--爱丽舍宫的女大厨--id:10744165收录完成
【2018-03-07-13:20:50】 【INFO】法国第759部电影--少年透明人--id:25728581收录完成
【2018-03-07-13:20:51】 【INFO】法国第760部电影--诸神混乱之女神陷阱--id:1308835收录完成
【2018-03-07-13:20:52】 【INFO】法国第761部电影--暗黑之地--id:10755171收录完成
【2018-03-07-13:20:53】 【INFO】法国第762部电影--坏血--id:1301678收录完成
【2018-03-07-13:20:54】 【INFO】法国第763部电影--黑郁金香--id:1307836收录完成
【2018-03-07-13:20:55】 【INFO】法国第764部电影--日以作夜--id:1293299收录完成
【2018-03-07-13:20:56】 【INFO】法国第765部电影--再吻我一次--id:3317125收录完成
【2018-03-07-13:21:13】 【INFO】法国第766部电影--大幻影--id:1294808收录完成
【2018-03-07-13:21:14】 【INFO】法国第767部电影--哭泣的草原--id:1388180收录完成
【2018-03-07-13:21:15】 【INFO】法国第768部电影--克里蒂，童话的小屋--id:4071781收录完成
【2018-03-07-13:21:16】 【INFO】法国第769部电影--白色星球--id:1899767收录完成
【2018-03-07-13:21:17】 【INFO】法国第770部电影--迪奥与我--id:25850103收录完成
【2018-03-07-13:21:18】 【INFO】法国第771部电影--巴贝特之宴--id:1292278收录完成
【2018-03-07-13:21:19】 【INFO】法国第772部电影--阿祖尔和阿斯马尔--id:1950821收录完成
【2018-03-07-13:21:20】 【INFO】法国第773部电影--五至七时的克莱奥--id:1294565收录完成
【2018-03-07-13:21:21】 【INFO】法国第774部电影--她们--id:4829033收录完成
【2018-03-07-13:21:22】 【INFO】法国第775部电影--穿越少女梦--id:4922405收录完成
【2018-03-07-13:21:23】 【INFO】法国第776部电影--柠檬树--id:2935729收录完成
【2018-03-07-13:21:24】 【INFO】法国第777部电影--决战帝国--id:1428971收录完成
【2018-03-07-13:21:25】 【INFO】法国第778部电影--通往绞刑架的电梯--id:1394342收录完成
【2018-03-07-13:21:27】 【INFO】法国第779部电影--富兰克林--id:1954775收录完成
【2018-03-07-13:21:28】 【INFO】法国第780部电影--鬼狗杀手--id:1303449收录完成
【2018-03-07-13:21:29】 【INFO】法国第781部电影--艳娃传--id:1301516收录完成
【2018-03-07-13:21:30】 【INFO】法国第782部电影--萨米大冒险--id:3074533收录完成
【2018-03-07-13:21:31】 【INFO】法国第783部电影--刺杀盖世太保--id:26383923收录完成
【2018-03-07-13:21:32】 【INFO】法国第784部电影--克莱尔的膝盖--id:1294915收录完成
【2018-03-07-13:21:33】 【INFO】法国第785部电影--谷子和鲻鱼--id:2156069收录完成
【2018-03-07-13:21:34】 【INFO】法国第786部电影--天堂此时--id:1419941收录完成
【2018-03-07-13:21:35】 【INFO】法国第787部电影--阿尔法城--id:1316524收录完成
【2018-03-07-13:21:37】 【INFO】法国第788部电影--绅士大盗--id:1419965收录完成
【2018-03-07-13:21:38】 【INFO】法国第789部电影--下一个就是你--id:1293956收录完成
【2018-03-07-13:21:39】 【INFO】法国第790部电影--阿涅斯的海滩--id:3162138收录完成
【2018-03-07-13:21:40】 【INFO】法国第791部电影--白色婚礼--id:1305086收录完成
【2018-03-07-13:21:41】 【INFO】法国第792部电影--呼吸--id:25806368收录完成
【2018-03-07-13:21:42】 【INFO】法国第793部电影--海岸情深--id:25915947收录完成
【2018-03-07-13:21:43】 【INFO】法国第794部电影--为了她--id:3068237收录完成
【2018-03-07-13:21:44】 【INFO】法国第795部电影--夏天的滋味--id:1299986收录完成
【2018-03-07-13:21:45】 【INFO】法国第796部电影--禁忌的游戏--id:1421933收录完成
【2018-03-07-13:21:46】 【INFO】法国第797部电影--蜂蜜--id:4221335收录完成
【2018-03-07-13:21:47】 【INFO】法国第798部电影--江城夏日--id:1851549收录完成
【2018-03-07-13:21:48】 【INFO】法国第799部电影--传教士--id:3443388收录完成
【2018-03-07-13:21:50】 【INFO】法国第800部电影--朦胧的欲望--id:1303071收录完成
【2018-03-07-13:21:51】 【INFO】法国第801部电影--夜曲--id:2225432收录完成
【2018-03-07-13:21:51】 【INFO】法国第802部电影--夜车--id:2124751收录完成
【2018-03-07-13:21:52】 【INFO】法国第803部电影--种树的牧羊人--id:1422073收录完成
【2018-03-07-13:21:53】 【INFO】法国第804部电影--吻--id:3828487收录完成
【2018-03-07-13:21:54】 【INFO】法国第805部电影--梵高--id:1418998收录完成
【2018-03-07-13:21:56】 【INFO】法国第806部电影--男孩们和吉约姆--id:24312921收录完成
【2018-03-07-13:21:57】 【INFO】法国第807部电影--孤星泪--id:1297138收录完成
【2018-03-07-13:21:58】 【INFO】法国第808部电影--奇招尽出--id:1308484收录完成
【2018-03-07-13:21:59】 【INFO】法国第809部电影--我会好起来--id:1872253收录完成
【2018-03-07-13:22:00】 【INFO】法国第810部电影--穆谢特--id:1302413收录完成
【2018-03-07-13:22:02】 【INFO】法国第811部电影--于洛先生的假期--id:1305790收录完成
【2018-03-07-13:22:03】 【INFO】法国第812部电影--小英雄托托--id:1401209收录完成
【2018-03-07-13:22:04】 【INFO】法国第813部电影--袜子奇遇记--id:3818971收录完成
【2018-03-07-13:22:05】 【INFO】法国第814部电影--日出时让悲伤终结--id:1299663收录完成
【2018-03-07-13:22:07】 【INFO】法国第815部电影--查泰莱夫人的情人--id:1917080收录完成
【2018-03-07-13:22:07】 【INFO】法国第816部电影--同船爱歌--id:26689198收录完成
【2018-03-07-13:22:09】 【INFO】法国第817部电影--黑色面包--id:3793798收录完成
【2018-03-07-13:22:09】 【INFO】法国第818部电影--爱情赏味期--id:1340522收录完成
【2018-03-07-13:22:11】 【INFO】法国第819部电影--圣诞快乐--id:1438584收录完成
【2018-03-07-13:22:12】 【INFO】法国第820部电影--山之外--id:10521893收录完成
【2018-03-07-13:22:13】 【INFO】法国第821部电影--凡尔杜先生--id:1294047收录完成
【2018-03-07-13:22:14】 【INFO】法国第822部电影--基卡--id:1299457收录完成
【2018-03-07-13:22:15】 【INFO】法国第823部电影--戴安娜--id:19971387收录完成
【2018-03-07-13:22:16】 【INFO】法国第824部电影--阿尔及尔之战--id:1419005收录完成
【2018-03-07-13:22:17】 【INFO】法国第825部电影--再见，我的王后--id:5347114收录完成
【2018-03-07-13:22:18】 【INFO】法国第826部电影--法国万岁--id:20276520收录完成
【2018-03-07-13:22:19】 【INFO】法国第827部电影--流浪的迪潘--id:26295860收录完成
【2018-03-07-13:22:20】 【INFO】法国第828部电影--坎特伯雷故事集--id:1303731收录完成
【2018-03-07-13:22:22】 【INFO】法国第829部电影--离别是美丽的--id:26331185收录完成
【2018-03-07-13:22:22】 【INFO】法国第830部电影--阿拉丁与神灯--id:26602796收录完成
【2018-03-07-13:22:24】 【INFO】法国第831部电影--黑眼圈--id:1871738收录完成
【2018-03-07-13:22:25】 【INFO】法国第832部电影--雷诺阿--id:10742456收录完成
【2018-03-07-13:22:26】 【INFO】法国第833部电影--射杀钢琴师--id:1298095收录完成
【2018-03-07-13:22:27】 【INFO】法国第834部电影--上帝创造女人--id:1293758收录完成
【2018-03-07-13:22:28】 【INFO】法国第835部电影--桑格莉之夏--id:26276387收录完成
【2018-03-07-13:22:29】 【INFO】法国第836部电影--俄罗斯玩偶--id:1421468收录完成
【2018-03-07-13:22:30】 【INFO】法国第837部电影--甜蜜电影--id:1466290收录完成
【2018-03-07-13:22:31】 【INFO】法国第838部电影--时空穿越者--id:2059354收录完成
【2018-03-07-13:22:32】 【INFO】法国第839部电影--母女情深--id:3069312收录完成
【2018-03-07-13:22:33】 【INFO】法国第840部电影--莫迪里阿尼--id:1433567收录完成
【2018-03-07-13:22:34】 【INFO】法国第841部电影--驴子巴特萨--id:1401619收录完成
【2018-03-07-13:22:35】 【INFO】法国第842部电影--悲伤故事的美好结局--id:1856492收录完成
【2018-03-07-13:22:36】 【INFO】法国第843部电影--古人观舞--id:4132754收录完成
【2018-03-07-13:22:37】 【INFO】法国第844部电影--梅格雷的亡者--id:26706957收录完成
【2018-03-07-13:22:38】 【INFO】法国第845部电影--托卡列夫--id:19908446收录完成
【2018-03-07-13:22:40】 【INFO】法国第846部电影--天桥不见了--id:1307909收录完成
【2018-03-07-13:22:41】 【INFO】法国第847部电影--影子部队--id:1466419收录完成
【2018-03-07-13:22:42】 【INFO】法国第848部电影--雾港水手--id:1293808收录完成
【2018-03-07-13:22:43】 【INFO】法国第849部电影--怒海沉尸--id:1305080收录完成
【2018-03-07-13:22:44】 【INFO】法国第850部电影--和其他人一样--id:3017929收录完成
【2018-03-07-13:22:46】 【INFO】法国第851部电影--女友的男友--id:1293776收录完成
【2018-03-07-13:22:47】 【INFO】法国第852部电影--伦敦上空的鹰--id:1307405收录完成
【2018-03-07-13:22:48】 【INFO】法国第853部电影--查泰莱夫人的情人--id:1302013收录完成
【2018-03-07-13:22:49】 【INFO】法国第854部电影--爱情与友谊--id:25851799收录完成
【2018-03-07-13:22:50】 【INFO】法国第855部电影--自由的幻影--id:1297188收录完成
【2018-03-07-13:22:51】 【INFO】法国第856部电影--暴风雪中的白鸟--id:20393779收录完成
【2018-03-07-13:22:52】 【INFO】法国第857部电影--另一个故乡--id:22265121收录完成
【2018-03-07-13:22:53】 【INFO】法国第858部电影--地球四季--id:26290455收录完成
【2018-03-07-13:22:54】 【INFO】法国第859部电影--双腿生风--id:10829828收录完成
【2018-03-07-13:22:55】 【INFO】法国第860部电影--夺面解码--id:1306665收录完成
【2018-03-07-13:22:56】 【INFO】法国第861部电影--不忠者--id:6878468收录完成
【2018-03-07-13:22:57】 【INFO】法国第862部电影--女神们--id:26735048收录完成
【2018-03-07-13:22:58】 【INFO】法国第863部电影--无论罗拉要什么--id:3034445收录完成
【2018-03-07-13:22:59】 【INFO】法国第864部电影--鲁滨逊漂流记--id:26721478收录完成
【2018-03-07-13:23:00】 【INFO】法国第865部电影--不要向下看--id:3448499收录完成
【2018-03-07-13:23:01】 【INFO】法国第866部电影--叽哩咕历险记--id:1306408收录完成
【2018-03-07-13:23:02】 【INFO】法国第867部电影--我会等待着下一个--id:1472908收录完成
【2018-03-07-13:23:03】 【INFO】法国第868部电影--想做熊的孩子--id:1766769收录完成
【2018-03-07-13:23:04】 【INFO】法国第869部电影--野蛮入侵--id:1301148收录完成
【2018-03-07-13:23:05】 【INFO】法国第870部电影--生命的舞动--id:1460030收录完成
【2018-03-07-13:23:07】 【INFO】法国第871部电影--一诺千金--id:1299067收录完成
【2018-03-07-13:23:07】 【INFO】法国第872部电影--一次邂逅--id:25662977收录完成
【2018-03-07-13:23:09】 【INFO】法国第873部电影--苏姗娜的故事--id:1293030收录完成
【2018-03-07-13:23:09】 【INFO】法国第874部电影--冷冻灵魂--id:2993265收录完成
【2018-03-07-13:23:10】 【INFO】法国第875部电影--临时保姆--id:25809902收录完成
【2018-03-07-13:23:11】 【INFO】法国第876部电影--MR 73左轮枪--id:2264143收录完成
【2018-03-07-13:23:12】 【INFO】法国第877部电影--诉讼--id:25687245收录完成
【2018-03-07-13:23:13】 【INFO】法国第878部电影--高卢英雄大战凯撒王子--id:1793913收录完成
【2018-03-07-13:23:14】 【INFO】法国第879部电影--狂野非洲--id:25884869收录完成
【2018-03-07-13:23:15】 【INFO】法国第880部电影--棕兔--id:1302091收录完成
【2018-03-07-13:23:16】 【INFO】法国第881部电影--孤独先生--id:1963721收录完成
【2018-03-07-13:23:18】 【INFO】法国第882部电影--六楼的女人--id:5937920收录完成
【2018-03-07-13:23:19】 【INFO】法国第883部电影--美女与野兽--id:1295913收录完成
【2018-03-07-13:23:20】 【INFO】法国第884部电影--替身演员--id:3346304收录完成
【2018-03-07-13:23:21】 【INFO】法国第885部电影--小混乱--id:21349301收录完成
【2018-03-07-13:23:22】 【INFO】法国第886部电影--99法郎--id:1969401收录完成
【2018-03-07-13:23:23】 【INFO】法国第887部电影--围捕--id:3686175收录完成
【2018-03-07-13:23:24】 【INFO】法国第888部电影--流浪巴黎--id:26457368收录完成
【2018-03-07-13:23:25】 【INFO】法国第889部电影--盲点--id:3757349收录完成
【2018-03-07-13:23:26】 【INFO】法国第890部电影--我是城堡之王--id:1412573收录完成
【2018-03-07-13:23:27】 【INFO】法国第891部电影--四千金的情人--id:1301902收录完成
【2018-03-07-13:23:28】 【INFO】法国第892部电影--警界争雄--id:1316561收录完成
【2018-03-07-13:23:29】 【INFO】法国第893部电影--疯草--id:2568211收录完成
【2018-03-07-13:23:30】 【INFO】法国第894部电影--岸边之旅--id:25851628收录完成
【2018-03-07-13:23:31】 【INFO】法国第895部电影--天与地--id:1300932收录完成
【2018-03-07-13:23:33】 【INFO】法国第896部电影--干柴烈火--id:1298609收录完成
【2018-03-07-13:23:34】 【INFO】法国第897部电影--猎物--id:6001229收录完成
【2018-03-07-13:23:35】 【INFO】法国第898部电影--小孤星--id:1306397收录完成
【2018-03-07-13:23:36】 【INFO】法国第899部电影--在异国--id:6717601收录完成
【2018-03-07-13:23:37】 【INFO】法国第900部电影--美丽坏东西--id:1306614收录完成
【2018-03-07-13:23:38】 【INFO】法国第901部电影--白夜--id:1303561收录完成
【2018-03-07-13:23:39】 【INFO】法国第902部电影--企业战士2：极限挑战--id:1322850收录完成
【2018-03-07-13:23:39】 【INFO】法国第903部电影--大饭店--id:1474788收录完成
【2018-03-07-13:23:41】 【INFO】法国第904部电影--火山对对碰--id:21776863收录完成
【2018-03-07-13:23:42】 【INFO】法国第905部电影--探戈课--id:1306960收录完成
【2018-03-07-13:23:43】 【INFO】法国第906部电影--美丽的谎言--id:4099123收录完成
【2018-03-07-13:23:43】 【INFO】法国第907部电影--学院男孩--id:24703977收录完成
【2018-03-07-13:23:44】 【INFO】法国第908部电影--灭绝--id:25884436收录完成
【2018-03-07-13:23:46】 【INFO】法国第909部电影--天堂的孩子--id:1300375收录完成
【2018-03-07-13:23:47】 【INFO】法国第910部电影--神童--id:3554781收录完成
【2018-03-07-13:23:48】 【INFO】法国第911部电影--黑巷少女--id:1301485收录完成
【2018-03-07-13:23:49】 【INFO】法国第912部电影--芳名卡门--id:1294341收录完成
【2018-03-07-13:23:50】 【INFO】法国第913部电影--罗尔娜的沉默--id:2999387收录完成
【2018-03-07-13:23:51】 【INFO】法国第914部电影--巴黎圣母院--id:20326557收录完成
【2018-03-07-13:23:52】 【INFO】法国第915部电影--同流者--id:1300955收录完成
【2018-03-07-13:23:53】 【INFO】法国第916部电影--偷吻--id:1298197收录完成
【2018-03-07-13:23:54】 【INFO】法国第917部电影--适合分手的季节--id:1867787收录完成
【2018-03-07-13:23:56】 【INFO】法国第918部电影--艾斯卡达的三次葬礼--id:1441778收录完成
【2018-03-07-13:23:57】 【INFO】法国第919部电影--诺斯费拉图：夜晚的幽灵--id:1296646收录完成
【2018-03-07-13:23:58】 【INFO】法国第920部电影--包法利夫人--id:10755525收录完成
【2018-03-07-13:23:59】 【INFO】法国第921部电影--秘密与谎言--id:1294477收录完成
【2018-03-07-13:24:00】 【INFO】法国第922部电影--再见初恋--id:4839318收录完成
【2018-03-07-13:24:01】 【INFO】法国第923部电影--头号公敌续集--id:1929477收录完成
【2018-03-07-13:24:02】 【INFO】法国第924部电影--逐爱天堂--id:1794309收录完成
【2018-03-07-13:24:03】 【INFO】法国第925部电影--瑞奇--id:3005375收录完成
【2018-03-07-13:24:05】 【INFO】法国第926部电影--被爱的人--id:5972036收录完成
【2018-03-07-13:24:06】 【INFO】法国第927部电影--廷巴克图--id:25803933收录完成
【2018-03-07-13:24:07】 【INFO】法国第928部电影--浪荡儿--id:1300779收录完成
【2018-03-07-13:24:08】 【INFO】法国第929部电影--被遗忘的孩子--id:1766042收录完成
【2018-03-07-13:24:09】 【INFO】法国第930部电影--谁来为我摘月亮--id:1304596收录完成
【2018-03-07-13:24:11】 【INFO】法国第931部电影--冷酷祭典--id:1303463收录完成
【2018-03-07-13:24:12】 【INFO】法国第932部电影--寻找埃里克--id:3101734收录完成
【2018-03-07-13:24:13】 【INFO】法国第933部电影--龙战--id:2972134收录完成
【2018-03-07-13:24:14】 【INFO】法国第934部电影--布列塔尼风情节--id:1949606收录完成
【2018-03-07-13:24:15】 【INFO】法国第935部电影--黑色闪电--id:25928763收录完成
【2018-03-07-13:24:16】 【INFO】法国第936部电影--鹳鸟踟蹰--id:1302789收录完成
【2018-03-07-13:24:17】 【INFO】法国第937部电影--激情--id:7046937收录完成
【2018-03-07-13:24:18】 【INFO】法国第938部电影--诗人之血--id:1303263收录完成
【2018-03-07-13:24:19】 【INFO】法国第939部电影--禁欲40天--id:1302877收录完成
【2018-03-07-13:24:21】 【INFO】法国第940部电影--新浪漫主义：李云迪传--id:4739969收录完成
【2018-03-07-13:24:22】 【INFO】法国第941部电影--养蜂人--id:1298428收录完成
【2018-03-07-13:24:23】 【INFO】法国第942部电影--翻乐谱的女孩--id:1863980收录完成
【2018-03-07-13:24:24】 【INFO】法国第943部电影--薄暮之光--id:1472907收录完成
【2018-03-07-13:24:25】 【INFO】法国第944部电影--摇滚莫扎特--id:25754522收录完成
【2018-03-07-13:24:26】 【INFO】法国第945部电影--爱与分手间--id:3287776收录完成
【2018-03-07-13:24:28】 【INFO】法国第946部电影--小淘气尼古拉的假期--id:25814611收录完成
【2018-03-07-13:24:29】 【INFO】法国第947部电影--不羁的美女--id:1301214收录完成
【2018-03-07-13:24:30】 【INFO】法国第948部电影--我的神秘之花--id:1300954收录完成
【2018-03-07-13:24:32】 【INFO】法国第949部电影--野芦苇--id:1296049收录完成
【2018-03-07-13:24:33】 【INFO】法国第950部电影--憨憨公主的心思--id:26342011收录完成
【2018-03-07-13:24:34】 【INFO】法国第951部电影--神奇手机--id:2018254收录完成
【2018-03-07-13:24:35】 【INFO】法国第952部电影--爱上验尸官--id:3782817收录完成
【2018-03-07-13:24:36】 【INFO】法国第953部电影--萨冈--id:2143930收录完成
【2018-03-07-13:24:37】 【INFO】法国第954部电影--移民--id:7051805收录完成
【2018-03-07-13:24:39】 【INFO】法国第955部电影--沙滩上的宝莲--id:1303534收录完成
【2018-03-07-13:24:40】 【INFO】法国第956部电影--操行零分--id:1294518收录完成
【2018-03-07-13:24:42】 【INFO】法国第957部电影--重生--id:1308765收录完成
【2018-03-07-13:24:43】 【INFO】法国第958部电影--甘泉玛侬--id:1301685收录完成
【2018-03-07-13:24:44】 【INFO】法国第959部电影--仙女--id:6124111收录完成
【2018-03-07-13:24:45】 【INFO】法国第960部电影--主顾--id:2351650收录完成
【2018-03-07-13:24:46】 【INFO】法国第961部电影--过客--id:1297546收录完成
【2018-03-07-13:24:48】 【INFO】法国第962部电影--天涯沦落女--id:1292445收录完成
【2018-03-07-13:24:49】 【INFO】法国第963部电影--男孩遇见女孩--id:1306842收录完成
【2018-03-07-13:24:50】 【INFO】法国第964部电影--少女情怀总是诗--id:1301374收录完成
【2018-03-07-13:24:51】 【INFO】法国第965部电影--蒙古精神--id:1303040收录完成
【2018-03-07-13:24:52】 【INFO】法国第966部电影--恋恋山城--id:1296786收录完成
【2018-03-07-13:24:53】 【INFO】法国第967部电影--巴德尔和迈因霍夫集团--id:2298609收录完成
【2018-03-07-13:24:55】 【INFO】法国第968部电影--再一次初恋--id:10543667收录完成
【2018-03-07-13:24:55】 【INFO】法国第969部电影--婴儿的午餐--id:1867745收录完成
【2018-03-07-13:24:56】 【INFO】法国第970部电影--卢浮宫迷情--id:2223355收录完成
【2018-03-07-13:24:57】 【INFO】法国第971部电影--杀人的夏天--id:1304583收录完成
【2018-03-07-13:24:58】 【INFO】法国第972部电影--鼩鼱的巢穴--id:25926079收录完成
【2018-03-07-13:24:59】 【INFO】法国第973部电影--迈阿密行动--id:3443400收录完成
【2018-03-07-13:25:00】 【INFO】法国第974部电影--中国姑娘--id:1302589收录完成
【2018-03-07-13:25:01】 【INFO】法国第975部电影--声梦奇遇--id:20507274收录完成
【2018-03-07-13:25:02】 【INFO】法国第976部电影--鬼雾--id:1433358收录完成
【2018-03-07-13:25:03】 【INFO】法国第977部电影--丑小鸭和小老鼠--id:1830941收录完成
【2018-03-07-13:25:04】 【INFO】法国第978部电影--宝拉X--id:1302907收录完成
【2018-03-07-13:25:06】 【INFO】法国第979部电影--边域之城--id:2133483收录完成
【2018-03-07-13:25:07】 【INFO】法国第980部电影--乌鸦--id:1295328收录完成
【2018-03-07-13:25:08】 【INFO】法国第981部电影--无爱可诉--id:26785590收录完成
【2018-03-07-13:25:09】 【INFO】法国第982部电影--美丽的约定--id:1890095收录完成
【2018-03-07-13:25:10】 【INFO】法国第983部电影--泡沫人生--id:6959177收录完成
【2018-03-07-13:25:11】 【INFO】法国第984部电影--母亲的城堡--id:1298250收录完成
【2018-03-07-13:25:13】 【INFO】法国第985部电影--他人之子--id:1305337收录完成
【2018-03-07-13:25:14】 【INFO】法国第986部电影--那年阳光灿烂--id:1424639收录完成
【2018-03-07-13:25:15】 【INFO】法国第987部电影--海的沉默--id:1466403收录完成
【2018-03-07-13:25:16】 【INFO】法国第988部电影--刺客战场--id:1295582收录完成
【2018-03-07-13:25:18】 【INFO】法国第989部电影--乌鸦之日--id:6299910收录完成
【2018-03-07-13:25:18】 【INFO】法国第990部电影--卡夫卡--id:1295923收录完成
【2018-03-07-13:25:19】 【INFO】法国第991部电影--魔法总动员--id:25802211收录完成
【2018-03-07-13:25:21】 【INFO】法国第992部电影--神秘失踪--id:1296432收录完成
【2018-03-07-13:25:22】 【INFO】法国第993部电影--幻梦墓园--id:21323277收录完成
【2018-03-07-13:25:24】 【INFO】法国第994部电影--伦巴--id:3060582收录完成
【2018-03-07-13:25:40】 【INFO】法国第995部电影--车神--id:1316692收录完成
【2018-03-07-13:25:41】 【INFO】法国第996部电影--性瘾者--id:1759579收录完成
【2018-03-07-13:25:42】 【INFO】法国第997部电影--天伦之旅--id:1292995收录完成
【2018-03-07-13:25:43】 【INFO】法国第998部电影--水瓶座--id:26678599收录完成
【2018-03-07-13:25:44】 【INFO】法国第999部电影--死色--id:6780857收录完成
【2018-03-07-13:25:45】 【INFO】法国第1000部电影--殡之森--id:2056650收录完成
【2018-03-07-13:25:47】 【INFO】法国第1001部电影--旅行--id:1417911收录完成
【2018-03-07-13:25:48】 【INFO】法国第1002部电影--亚马逊萌猴奇遇记--id:3095502收录完成
【2018-03-07-13:25:49】 【INFO】法国第1003部电影--决战豪门--id:2216968收录完成
【2018-03-07-13:25:50】 【INFO】法国第1004部电影--父亲的荣耀--id:1297122收录完成
【2018-03-07-13:25:51】 【INFO】法国第1005部电影--水泥花园--id:1303916收录完成
【2018-03-07-13:25:53】 【INFO】法国第1006部电影--末日浩劫--id:19976260收录完成
【2018-03-07-13:25:54】 【INFO】法国第1007部电影--恶童日记--id:3871780收录完成
【2018-03-07-13:25:55】 【INFO】法国第1008部电影--纳粹追凶--id:1294442收录完成
【2018-03-07-13:25:55】 【INFO】法国第1009部电影--树--id:3990145收录完成
【2018-03-07-13:25:56】 【INFO】法国第1010部电影--白痴--id:1302252收录完成
【2018-03-07-13:25:58】 【INFO】法国第1011部电影--再见语言--id:10465148收录完成
【2018-03-07-13:25:59】 【INFO】法国第1012部电影--罗马风情画--id:1302815收录完成
【2018-03-07-13:26:00】 【INFO】法国第1013部电影--亚特兰蒂斯--id:1292582收录完成
【2018-03-07-13:26:01】 【INFO】法国第1014部电影--罐头里的精灵--id:2244529收录完成
【2018-03-07-13:26:02】 【INFO】法国第1015部电影--我爱的男人--id:1820109收录完成
【2018-03-07-13:26:03】 【INFO】法国第1016部电影--无名指--id:1761818收录完成
【2018-03-07-13:26:04】 【INFO】法国第1017部电影--伯爵夫人的耳环--id:1301122收录完成
【2018-03-07-13:26:05】 【INFO】法国第1018部电影--我最好的朋友--id:1938174收录完成
【2018-03-07-13:26:06】 【INFO】法国第1019部电影--离奇剧院--id:6061975收录完成
【2018-03-07-13:26:07】 【INFO】法国第1020部电影--智利说不--id:6852646收录完成
【2018-03-07-13:26:08】 【INFO】法国第1021部电影--婚姻生活--id:1298892收录完成
【2018-03-07-13:26:09】 【INFO】法国第1022部电影--浪得过火--id:1302474收录完成
【2018-03-07-13:26:10】 【INFO】法国第1023部电影--迪塔·冯·蒂斯疯马秀--id:4738750收录完成
【2018-03-07-13:26:12】 【INFO】法国第1024部电影--猎艳狂魔--id:1298710收录完成
【2018-03-07-13:26:13】 【INFO】法国第1025部电影--野兽之都--id:1841904收录完成
【2018-03-07-13:26:14】 【INFO】法国第1026部电影--夏日吊带裙--id:1418267收录完成
【2018-03-07-13:26:15】 【INFO】法国第1027部电影--机器人变奏世界--id:1903408收录完成
【2018-03-07-13:26:16】 【INFO】法国第1028部电影--爱森斯坦在瓜纳华托--id:6048838收录完成
【2018-03-07-13:26:18】 【INFO】法国第1029部电影--送乡人--id:11524580收录完成
【2018-03-07-13:26:19】 【INFO】法国第1030部电影--伴雨行--id:2084534收录完成
【2018-03-07-13:26:20】 【INFO】法国第1031部电影--冬追夏赶--id:23062125收录完成
【2018-03-07-13:26:21】 【INFO】法国第1032部电影--毕加索的秘密--id:1460440收录完成
【2018-03-07-13:26:23】 【INFO】法国第1033部电影--五月之后--id:6030607收录完成
【2018-03-07-13:26:24】 【INFO】法国第1034部电影--缩水情人梦--id:26638831收录完成
【2018-03-07-13:26:25】 【INFO】法国第1035部电影--爱的亡灵--id:1294597收录完成
【2018-03-07-13:26:26】 【INFO】法国第1036部电影--只是爱的问题--id:1820098收录完成
【2018-03-07-13:26:27】 【INFO】法国第1037部电影--巴阿里亚--id:2265111收录完成
【2018-03-07-13:26:28】 【INFO】法国第1038部电影--不惜一切--id:1297768收录完成
【2018-03-07-13:26:29】 【INFO】法国第1039部电影--警察智斗外星人--id:1470155收录完成
【2018-03-07-13:26:30】 【INFO】法国第1040部电影--公寓--id:1796154收录完成
【2018-03-07-13:26:31】 【INFO】法国第1041部电影--东方男孩--id:20645052收录完成
【2018-03-07-13:26:32】 【INFO】法国第1042部电影--难兄难弟--id:1872105收录完成
【2018-03-07-13:26:33】 【INFO】法国第1043部电影--猛于炮火--id:10484125收录完成
【2018-03-07-13:26:34】 【INFO】法国第1044部电影--复活--id:1751547收录完成
【2018-03-07-13:26:35】 【INFO】法国第1045部电影--蓝色果冻海--id:2079020收录完成
【2018-03-07-13:26:37】 【INFO】法国第1046部电影--年轻的女王--id:3153991收录完成
【2018-03-07-13:26:37】 【INFO】法国第1047部电影--亚特兰大号--id:1299433收录完成
【2018-03-07-13:26:39】 【INFO】法国第1048部电影--米芽米咕人--id:1939759收录完成
【2018-03-07-13:26:40】 【INFO】法国第1049部电影--骗子--id:1303571收录完成
【2018-03-07-13:26:41】 【INFO】法国第1050部电影--绝对控制--id:26608448收录完成
【2018-03-07-13:26:42】 【INFO】法国第1051部电影--男性，女性--id:1300522收录完成
【2018-03-07-13:26:43】 【INFO】法国第1052部电影--让娜·迪尔曼--id:1868933收录完成
【2018-03-07-13:26:44】 【INFO】法国第1053部电影--爱你爱我--id:1297420收录完成
【2018-03-07-13:26:45】 【INFO】法国第1054部电影--男神与女神的罗曼史--id:2005841收录完成
【2018-03-07-13:26:46】 【INFO】法国第1055部电影--拾穗者--id:1301279收录完成
【2018-03-07-13:26:48】 【INFO】法国第1056部电影--人与神--id:4307492收录完成
【2018-03-07-13:26:49】 【INFO】法国第1057部电影--歌剧院广场--id:6893679收录完成
【2018-03-07-13:26:50】 【INFO】法国第1058部电影--夜巡--id:1787541收录完成
【2018-03-07-13:26:51】 【INFO】法国第1059部电影--情迷维纳斯--id:1306200收录完成
【2018-03-07-13:26:53】 【INFO】法国第1060部电影--蛇蝎美人--id:1307852收录完成
【2018-03-07-13:26:54】 【INFO】法国第1061部电影--时光之尘--id:2001296收录完成
【2018-03-07-13:26:55】 【INFO】法国第1062部电影--玛·鲁特--id:26279128收录完成
【2018-03-07-13:26:56】 【INFO】法国第1063部电影--最后的兵团--id:1887110收录完成
【2018-03-07-13:26:57】 【INFO】法国第1064部电影--洛洛--id:26349410收录完成
【2018-03-07-13:26:57】 【INFO】法国第1065部电影--不惜一切回巴黎--id:24861117收录完成
【2018-03-07-13:26:58】 【INFO】法国第1066部电影--魔诫坟场--id:1296685收录完成
【2018-03-07-13:27:00】 【INFO】法国第1067部电影--圆舞360--id:4918498收录完成
【2018-03-07-13:27:01】 【INFO】法国第1068部电影--教宗的洗手间--id:2063524收录完成
【2018-03-07-13:27:02】 【INFO】法国第1069部电影--命运--id:1862284收录完成
【2018-03-07-13:27:03】 【INFO】法国第1070部电影--周末--id:1296338收录完成
【2018-03-07-13:27:04】 【INFO】法国第1071部电影--阿道夫--id:1418246收录完成
【2018-03-07-13:27:05】 【INFO】法国第1072部电影--德军占领的卢浮宫--id:10491649收录完成
【2018-03-07-13:27:06】 【INFO】法国第1073部电影--束缚自由--id:3778503收录完成
【2018-03-07-13:27:07】 【INFO】法国第1074部电影--小楼的奇幻生活--id:25755599收录完成
【2018-03-07-13:27:08】 【INFO】法国第1075部电影--法兰西组曲--id:3319744收录完成
【2018-03-07-13:27:09】 【INFO】法国第1076部电影--裙角飞扬的日子--id:3212296收录完成
【2018-03-07-13:27:10】 【INFO】法国第1077部电影--包法利夫人--id:1449928收录完成
【2018-03-07-13:27:11】 【INFO】法国第1078部电影--绝代艳后--id:3928175收录完成
【2018-03-07-13:27:12】 【INFO】法国第1079部电影--魔鞋--id:1462178收录完成
【2018-03-07-13:27:13】 【INFO】法国第1080部电影--青春的三段回忆--id:26295857收录完成
【2018-03-07-13:27:14】 【INFO】法国第1081部电影--美丽新世界--id:1307130收录完成
【2018-03-07-13:27:15】 【INFO】法国第1082部电影--追忆似水年华--id:1301670收录完成
【2018-03-07-13:27:16】 【INFO】法国第1083部电影--特殊的友情--id:1866433收录完成
【2018-03-07-13:27:17】 【INFO】法国第1084部电影--一日情人--id:26759825收录完成
【2018-03-07-13:27:18】 【INFO】法国第1085部电影--马太福音--id:1299775收录完成
【2018-03-07-13:27:20】 【INFO】法国第1086部电影--侯爵--id:1437544收录完成
【2018-03-07-13:27:21】 【INFO】法国第1087部电影--亚历克斯与艾玛--id:1300692收录完成
【2018-03-07-13:27:22】 【INFO】法国第1088部电影--雨水危机--id:4304302收录完成
【2018-03-07-13:27:23】 【INFO】法国第1089部电影--我最喜爱的物什--id:4736002收录完成
【2018-03-07-13:27:24】 【INFO】法国第1090部电影--男人的争斗--id:1299885收录完成
【2018-03-07-13:27:25】 【INFO】法国第1091部电影--男人的未来是女人--id:1308814收录完成
【2018-03-07-13:27:26】 【INFO】法国第1092部电影--鸽子也能上天堂--id:2245941收录完成
【2018-03-07-13:27:28】 【INFO】法国第1093部电影--悍女--id:6874166收录完成
【2018-03-07-13:27:30】 【INFO】法国第1094部电影--与安娜的四个夜晚--id:3059472收录完成
【2018-03-07-13:27:31】 【INFO】法国第1095部电影--海盗船与碰碰猫--id:1947787收录完成
【2018-03-07-13:27:32】 【INFO】法国第1096部电影--我爱你--id:5299166收录完成
【2018-03-07-13:27:33】 【INFO】法国第1097部电影--三人冷水澡--id:1439481收录完成
【2018-03-07-13:27:34】 【INFO】法国第1098部电影--黑暗来临--id:3583797收录完成
【2018-03-07-13:27:35】 【INFO】法国第1099部电影--七宗罪--id:2032829收录完成
【2018-03-07-13:27:36】 【INFO】法国第1100部电影--塑料树--id:1389984收录完成
【2018-03-07-13:27:36】 【INFO】法国第1101部电影--无名女孩--id:26374586收录完成
【2018-03-07-13:27:37】 【INFO】法国第1102部电影--反黑行动组--id:26335572收录完成
【2018-03-07-13:27:38】 【INFO】法国第1103部电影--日日夜夜--id:1417867收录完成
【2018-03-07-13:27:39】 【INFO】法国第1104部电影--孟山都公司眼中的世界--id:3163541收录完成
【2018-03-07-13:27:40】 【INFO】法国第1105部电影--孤独的国王--id:5380183收录完成
【2018-03-07-13:27:42】 【INFO】法国第1106部电影--拉扎老师--id:6724667收录完成
【2018-03-07-13:27:43】 【INFO】法国第1107部电影--警员--id:6097776收录完成
【2018-03-07-13:27:44】 【INFO】法国第1108部电影--盲眼女孩--id:26767306收录完成
【2018-03-07-13:27:45】 【INFO】法国第1109部电影--审判--id:1303554收录完成
【2018-03-07-13:27:46】 【INFO】法国第1110部电影--魂断日内瓦--id:3225261收录完成
【2018-03-07-13:27:48】 【INFO】法国第1111部电影--金粉世界--id:1298127收录完成
【2018-03-07-13:27:49】 【INFO】法国第1112部电影--征服--id:3190766收录完成
【2018-03-07-13:27:50】 【INFO】法国第1113部电影--吾父吾血--id:25909389收录完成
【2018-03-07-13:27:51】 【INFO】法国第1114部电影--疯狂特警队--id:26811367收录完成
【2018-03-07-13:27:53】 【INFO】法国第1115部电影--白鬃野马--id:1959925收录完成
【2018-03-07-13:27:54】 【INFO】法国第1116部电影--圣皮埃尔的寡妇--id:1301683收录完成
【2018-03-07-13:27:55】 【INFO】法国第1117部电影--女仆日记--id:21625070收录完成
【2018-03-07-13:27:57】 【INFO】法国第1118部电影--属于我们的圣诞节--id:2044081收录完成
【2018-03-07-13:27:58】 【INFO】法国第1119部电影--当我们17岁--id:26309618收录完成
【2018-03-07-13:27:59】 【INFO】法国第1120部电影--这样的爱--id:3742966收录完成
【2018-03-07-13:28:00】 【INFO】法国第1121部电影--欧洲特快车--id:1296116收录完成
【2018-03-07-13:28:01】 【INFO】法国第1122部电影--人鱼童话--id:1294754收录完成
【2018-03-07-13:28:02】 【INFO】法国第1123部电影--漫漫北寻路--id:20278795收录完成
【2018-03-07-13:28:03】 【INFO】法国第1124部电影--木屐树--id:1306266收录完成
【2018-03-07-15:37:20】 【SETTING】
【2018-03-07-15:37:22】 【INFO】法国第1125部电影--不伦之恋--id:1298255收录完成
【2018-03-07-15:37:23】 【INFO】法国第1126部电影--时空急转弯2--id:1299859收录完成
【2018-03-07-15:37:24】 【INFO】法国第1127部电影--想飞的猫--id:1947793收录完成
【2018-03-07-15:37:25】 【INFO】法国第1128部电影--群斗--id:3068236收录完成
【2018-03-07-15:37:26】 【INFO】法国第1129部电影--大坏狐狸的故事--id:27042405收录完成
【2018-03-07-15:37:27】 【INFO】法国第1130部电影--爱情狂奔--id:1300067收录完成
【2018-03-07-15:37:28】 【INFO】法国第1131部电影--挑逗性谋杀--id:1305993收录完成
【2018-03-07-15:37:30】 【INFO】法国第1132部电影--老妇与鸽子--id:1860292收录完成
【2018-03-07-15:37:31】 【INFO】法国第1133部电影--灰眼珠的男孩--id:1306114收录完成
【2018-03-07-15:37:32】 【INFO】法国第1134部电影--致命信条--id:26353874收录完成
【2018-03-07-15:37:33】 【INFO】法国第1135部电影--是爱非友--id:26811844收录完成
【2018-03-07-15:37:35】 【INFO】法国第1136部电影--全是怪物--id:10344755收录完成
【2018-03-07-15:37:36】 【INFO】法国第1137部电影--最毒妇人心--id:1295361收录完成
【2018-03-07-15:37:37】 【INFO】法国第1138部电影--双姝奇缘--id:1421309收录完成
【2018-03-07-15:37:38】 【INFO】法国第1139部电影--两极天使--id:1301893收录完成
【2018-03-07-15:37:39】 【INFO】法国第1140部电影--尚格·云顿--id:3154388收录完成
【2018-03-07-15:37:41】 【INFO】法国第1141部电影--东京婚约--id:25957030收录完成
【2018-03-07-15:37:42】 【INFO】法国第1142部电影--情陷夜巴黎--id:1301675收录完成
【2018-03-07-15:37:43】 【INFO】法国第1143部电影--摩根先生最后的爱--id:10488535收录完成
【2018-03-07-15:37:44】 【INFO】法国第1144部电影--无知无觉--id:6731992收录完成
【2018-03-07-15:37:45】 【INFO】法国第1145部电影--偏执--id:3660133收录完成
【2018-03-07-15:37:46】 【INFO】法国第1146部电影--阿斯特里克斯历险记：诸神之宫殿--id:25917236收录完成
【2018-03-07-15:37:47】 【INFO】法国第1147部电影--我的爸爸是森林之王--id:27046450收录完成
【2018-03-07-15:37:48】 【INFO】法国第1148部电影--黄金时代--id:1293667收录完成
【2018-03-07-15:37:50】 【INFO】法国第1149部电影--华伦天奴：最后的君王--id:3162134收录完成
【2018-03-07-15:37:51】 【INFO】法国第1150部电影--侯孝贤画像--id:1419557收录完成
【2018-03-07-15:37:52】 【INFO】法国第1151部电影--拆墙--id:1868400收录完成
【2018-03-07-15:37:53】 【INFO】法国第1152部电影--浮士德--id:1296369收录完成
【2018-03-07-15:37:54】 【INFO】法国第1153部电影--与安德烈晚餐--id:1304953收录完成
【2018-03-07-15:37:55】 【INFO】法国第1154部电影--亲爱的温迪--id:1309098收录完成
【2018-03-07-15:37:56】 【INFO】法国第1155部电影--割喉岛--id:1299415收录完成
【2018-03-07-15:37:57】 【INFO】法国第1156部电影--洛可兄弟--id:1303558收录完成
【2018-03-07-15:37:59】 【INFO】法国第1157部电影--花瓶--id:4097454收录完成
【2018-03-07-15:38:00】 【INFO】法国第1158部电影--罪恶天使--id:4221477收录完成
【2018-03-07-15:38:01】 【INFO】法国第1159部电影--保持站立--id:26678594收录完成
【2018-03-07-15:38:03】 【INFO】法国第1160部电影--普罗旺斯惊魂记--id:5152934收录完成
【2018-03-07-15:38:05】 【INFO】法国第1161部电影--好奇心--id:1297201收录完成
【2018-03-07-15:38:06】 【INFO】法国第1162部电影--犹太长老的灵猫--id:3428545收录完成
【2018-03-07-15:38:07】 【INFO】法国第1163部电影--原始轮回--id:3072077收录完成
【2018-03-07-15:38:08】 【INFO】法国第1164部电影--和谐课程--id:21098725收录完成
【2018-03-07-15:38:09】 【INFO】法国第1165部电影--钻石13--id:3001170收录完成
【2018-03-07-15:38:10】 【INFO】法国第1166部电影--塞尔日·甘斯布：英雄人生--id:3305739收录完成
【2018-03-07-15:38:12】 【INFO】法国第1167部电影--爱情强气流--id:19929503收录完成
【2018-03-07-15:38:13】 【INFO】法国第1168部电影--我略知她一二--id:1300964收录完成
【2018-03-07-15:38:14】 【INFO】法国第1169部电影--恋爱症候群--id:1857095收录完成
【2018-03-07-15:38:15】 【INFO】法国第1170部电影--诗无尽头--id:26352306收录完成
【2018-03-07-15:38:16】 【INFO】法国第1171部电影--追捕聂鲁达--id:26411217收录完成
【2018-03-07-15:38:17】 【INFO】法国第1172部电影--弹窗惊魂--id:19974285收录完成
【2018-03-07-15:38:18】 【INFO】法国第1173部电影--火车上的男人--id:1298350收录完成
【2018-03-07-15:38:20】 【INFO】法国第1174部电影--永远--id:2121854收录完成
【2018-03-07-15:38:21】 【INFO】法国第1175部电影--脊椎的故事--id:3272906收录完成
【2018-03-07-15:38:22】 【INFO】法国第1176部电影--女人韵事--id:1303526收录完成
【2018-03-07-15:38:23】 【INFO】法国第1177部电影--美国制造--id:1304741收录完成
【2018-03-07-15:38:25】 【INFO】法国第1178部电影--麦当劳桥上的未婚妻--id:2345106收录完成
【2018-03-07-15:38:26】 【INFO】法国第1179部电影--麦克白--id:1437096收录完成
【2018-03-07-15:38:27】 【INFO】法国第1180部电影--深海探奇--id:3148038收录完成
【2018-03-07-15:38:28】 【INFO】法国第1181部电影--夺命枪火--id:10526498收录完成
【2018-03-07-15:38:30】 【INFO】法国第1182部电影--走火交易--id:26200183收录完成
【2018-03-07-15:38:31】 【INFO】法国第1183部电影--普拉达：糖果--id:24153248收录完成
【2018-03-07-15:38:33】 【INFO】法国第1184部电影--幸福--id:1483516收录完成
【2018-03-07-15:38:34】 【INFO】法国第1185部电影--汾阳小子贾樟柯--id:25780590收录完成
【2018-03-07-15:38:35】 【INFO】法国第1186部电影--千禧年--id:1308187收录完成
【2018-03-07-15:38:36】 【INFO】法国第1187部电影--我聘请了职业杀手--id:1306801收录完成
【2018-03-07-15:38:37】 【INFO】法国第1188部电影--恶魔的面具--id:1925946收录完成
【2018-03-07-15:38:38】 【INFO】法国第1189部电影--马达加斯加：旅行日记--id:5318649收录完成
【2018-03-07-15:38:39】 【INFO】法国第1190部电影--我们不能白头到老--id:1305619收录完成
【2018-03-07-15:38:41】 【INFO】法国第1191部电影--时间之旅--id:6959015收录完成
【2018-03-07-15:38:42】 【INFO】法国第1192部电影--古巴万岁--id:1440382收录完成
【2018-03-07-15:38:43】 【INFO】法国第1193部电影--乡间一日--id:1401585收录完成
【2018-03-07-15:38:44】 【INFO】法国第1194部电影--情迷画色--id:1298977收录完成
【2018-03-07-15:38:45】 【INFO】法国第1195部电影--我的母亲--id:24868251收录完成
【2018-03-07-15:38:46】 【INFO】法国第1196部电影--顽固分子--id:5953625收录完成
【2018-03-07-15:38:47】 【INFO】法国第1197部电影--华氏451度--id:1293885收录完成
【2018-03-07-15:38:49】 【INFO】法国第1198部电影--波希米亚生活--id:1299877收录完成
【2018-03-07-15:38:50】 【INFO】法国第1199部电影--猎户座阴谋--id:4320231收录完成
【2018-03-07-15:38:51】 【INFO】法国第1200部电影--唇语惊魂--id:1304723收录完成
【2018-03-07-15:38:52】 【INFO】法国第1201部电影--爱情初学者--id:19949260收录完成
【2018-03-07-15:38:53】 【INFO】法国第1202部电影--狼--id:4186098收录完成
【2018-03-07-15:38:55】 【INFO】法国第1203部电影--为父寻仇--id:3743063收录完成
【2018-03-07-15:38:56】 【INFO】法国第1204部电影--给我承诺--id:1766041收录完成
【2018-03-07-15:38:57】 【INFO】法国第1205部电影--北京的星期天--id:1466013收录完成
【2018-03-07-15:38:58】 【INFO】法国第1206部电影--王中王--id:1300337收录完成
【2018-03-07-15:38:59】 【INFO】法国第1207部电影--不害臊的姑娘--id:1441409收录完成
【2018-03-07-15:39:00】 【INFO】法国第1208部电影--不要让我死于周日--id:1421796收录完成
【2018-03-07-15:39:02】 【INFO】法国第1209部电影--炽爱--id:2062967收录完成
【2018-03-07-15:39:04】 【INFO】法国第1211部电影--长翅膀的猪--id:6792169收录完成
【2018-03-07-15:39:06】 【INFO】法国第1212部电影--丽拉说--id:1438247收录完成
【2018-03-07-15:39:07】 【INFO】法国第1213部电影--猎豹行动--id:1305596收录完成
【2018-03-07-15:39:08】 【INFO】法国第1214部电影--萨德侯爵--id:1304581收录完成
【2018-03-07-15:39:09】 【INFO】法国第1215部电影--我们这种叛徒--id:10461676收录完成
【2018-03-07-15:39:10】 【INFO】法国第1216部电影--巴黎浮世绘--id:1296949收录完成
【2018-03-07-15:39:13】 【INFO】法国第1217部电影--季风婚宴--id:1307772收录完成
【2018-03-07-15:39:15】 【INFO】法国第1218部电影--小猫的故事--id:1295401收录完成
【2018-03-07-15:39:16】 【INFO】法国第1219部电影--一千次晚安--id:10758799收录完成
【2018-03-07-15:39:18】 【INFO】法国第1220部电影--吾等何处去--id:5990236收录完成
【2018-03-07-15:39:19】 【INFO】法国第1221部电影--青春梦里人--id:1306519收录完成
【2018-03-07-15:39:20】 【INFO】法国第1222部电影--西尔玛--id:26755583收录完成
【2018-03-07-15:39:21】 【INFO】法国第1223部电影--舞女--id:26379657收录完成
【2018-03-07-15:39:22】 【INFO】法国第1224部电影--维拉·德雷克--id:1309001收录完成
【2018-03-07-15:39:23】 【INFO】法国第1225部电影--幻影集--id:1856043收录完成
【2018-03-07-15:39:24】 【INFO】法国第1226部电影--小黄人番外篇：比赛--id:26655894收录完成
【2018-03-07-15:39:25】 【INFO】法国第1227部电影--再见巴法纳--id:1865433收录完成
【2018-03-07-15:39:27】 【INFO】法国第1228部电影--脸--id:3148588收录完成
【2018-03-07-15:39:28】 【INFO】法国第1229部电影--天堂：爱--id:3627216收录完成
【2018-03-07-15:39:29】 【INFO】法国第1230部电影--吸血鬼--id:1300749收录完成
【2018-03-07-15:39:30】 【INFO】法国第1231部电影--我是你的眼--id:26929084收录完成
【2018-03-07-15:39:31】 【INFO】法国第1232部电影--生死花园--id:1301856收录完成
【2018-03-07-15:39:34】 【INFO】法国第1233部电影--新纽扣战争--id:6712720收录完成
【2018-03-07-15:39:34】 【INFO】法国第1234部电影--逃犯贝贝--id:1304571收录完成
【2018-03-07-15:39:36】 【INFO】法国第1235部电影--只爱陌生人--id:1300143收录完成
【2018-03-07-15:39:38】 【INFO】法国第1236部电影--希区柯克与特吕弗--id:25893369收录完成
【2018-03-07-15:39:39】 【INFO】法国第1237部电影--警察与女兵--id:1308696收录完成
【2018-03-07-15:39:41】 【INFO】法国第1238部电影--亚伯拉罕先生--id:1308628收录完成
【2018-03-07-15:39:42】 【INFO】法国第1239部电影--玛格丽特--id:26326703收录完成
【2018-03-07-15:39:44】 【INFO】法国第1240部电影--青春期的法国男孩--id:3285610收录完成
【2018-03-07-15:39:45】 【INFO】法国第1241部电影--破坏欲--id:2132083收录完成
【2018-03-07-15:39:46】 【INFO】法国第1242部电影--大爆炸--id:4082227收录完成
【2018-03-07-15:39:47】 【INFO】法国第1243部电影--偶然与巧合--id:1420124收录完成
【2018-03-07-15:39:48】 【INFO】法国第1244部电影--中国匣--id:1296374收录完成
【2018-03-07-15:39:49】 【INFO】法国第1245部电影--远离人迹--id:24718802收录完成
【2018-03-07-15:39:51】 【INFO】法国第1246部电影--篮球和数学--id:4230131收录完成
【2018-03-07-15:39:52】 【INFO】法国第1247部电影--眩晕--id:3816983收录完成
【2018-03-07-15:39:53】 【INFO】法国第1248部电影--无物申报--id:4097466收录完成
【2018-03-07-15:39:54】 【INFO】法国第1249部电影--情人们--id:1296250收录完成
【2018-03-07-15:39:56】 【INFO】法国第1250部电影--隔墙花--id:1296563收录完成
【2018-03-07-15:39:57】 【INFO】法国第1251部电影--莉拉--id:25876115收录完成
【2018-03-07-15:39:58】 【INFO】法国第1252部电影--沙之下--id:1307476收录完成
【2018-03-07-15:39:59】 【INFO】法国第1253部电影--壳中裂缝--id:6528112收录完成
【2018-03-07-15:40:00】 【INFO】法国第1254部电影--秘密防御--id:2302210收录完成
【2018-03-07-15:40:01】 【INFO】法国第1255部电影--假日惊情--id:7052636收录完成
【2018-03-07-15:40:02】 【INFO】法国第1256部电影--变色龙--id:3437161收录完成
【2018-03-07-15:40:11】 【SETTING】
【2018-03-07-15:40:12】 【INFO】法国第1257部电影--一切都会好的--id:7154466收录完成
【2018-03-07-15:40:13】 【INFO】法国第1258部电影--朱丽叶与魔鬼--id:1299485收录完成
【2018-03-07-15:40:14】 【INFO】法国第1259部电影--劝导--id:1299537收录完成
【2018-03-07-15:40:16】 【INFO】法国第1260部电影--没有阳光--id:1401901收录完成
【2018-03-07-15:40:17】 【INFO】法国第1261部电影--借你的手儿牵--id:1918744收录完成
【2018-03-07-15:40:18】 【INFO】法国第1262部电影--情欲电影院--id:3066671收录完成
【2018-03-07-15:40:18】 【INFO】法国第1263部电影--沉静的美国人--id:1304780收录完成
【2018-03-07-15:40:19】 【INFO】法国第1264部电影--月行者--id:21662408收录完成
【2018-03-07-15:40:20】 【INFO】法国第1265部电影--人约巴黎--id:1294486收录完成
【2018-03-07-15:40:22】 【INFO】法国第1266部电影--大牌明星--id:3010266收录完成
【2018-03-07-15:40:23】 【INFO】法国第1267部电影--恋尸者--id:4904673收录完成
【2018-03-07-15:40:24】 【INFO】法国第1268部电影--不眠之夜--id:4293680收录完成
【2018-03-07-15:40:25】 【INFO】法国第1269部电影--人啊人--id:1304869收录完成
【2018-03-07-15:40:26】 【INFO】法国第1270部电影--哭泣的女人--id:1432013收录完成
【2018-03-07-15:40:28】 【INFO】法国第1271部电影--扒手莫扎特--id:2979568收录完成
【2018-03-07-15:40:28】 【INFO】法国第1272部电影--白色物质--id:2302211收录完成
【2018-03-07-15:40:30】 【INFO】法国第1273部电影--进出口--id:2002734收录完成
【2018-03-07-15:40:31】 【INFO】法国第1274部电影--男孩与鹈鹕--id:6436977收录完成
【2018-03-07-15:40:34】 【INFO】法国第1275部电影--敲开我心门--id:1417865收录完成
【2018-03-07-15:40:35】 【INFO】法国第1276部电影--史坦顿岛--id:2060181收录完成
【2018-03-07-15:40:37】 【INFO】法国第1277部电影--一日美好--id:1950238收录完成
【2018-03-07-15:40:38】 【INFO】法国第1278部电影--天文学家之梦--id:2173210收录完成
【2018-03-07-15:40:39】 【INFO】法国第1279部电影--请吻我--id:2143913收录完成
【2018-03-07-15:40:40】 【INFO】法国第1280部电影--至尊对决--id:2131651收录完成
【2018-03-07-15:40:41】 【INFO】法国第1281部电影--情场世界波--id:1295320收录完成
【2018-03-07-15:40:42】 【INFO】法国第1282部电影--最后一天--id:1789000收录完成
【2018-03-07-15:40:44】 【INFO】法国第1283部电影--三个小点--id:5282435收录完成
【2018-03-07-15:40:45】 【INFO】法国第1284部电影--玫瑰少年梦--id:1297564收录完成
【2018-03-07-15:40:46】 【INFO】法国第1285部电影--米香--id:3609001收录完成
【2018-03-07-15:40:46】 【INFO】法国第1286部电影--女人的阴影--id:25851625收录完成
【2018-03-07-15:40:48】 【INFO】法国第1287部电影--爱情神话--id:1293358收录完成
【2018-03-07-15:40:49】 【INFO】法国第1288部电影--遥远的街区--id:3155975收录完成
【2018-03-07-15:40:50】 【INFO】法国第1289部电影--巴黎五区的女人--id:4583146收录完成
【2018-03-07-15:40:51】 【INFO】法国第1290部电影--轻松自由--id:25880937收录完成
【2018-03-07-15:40:52】 【INFO】法国第1291部电影--失魂家族--id:1401586收录完成
【2018-03-07-15:40:53】 【INFO】法国第1292部电影--西游--id:25795968收录完成
【2018-03-07-15:40:54】 【INFO】法国第1293部电影--哥伦布传--id:1301600收录完成
【2018-03-07-15:40:56】 【INFO】法国第1294部电影--生命的重托--id:1929726收录完成
【2018-03-07-15:40:57】 【INFO】法国第1295部电影--飞行员的妻子--id:1296976收录完成
【2018-03-07-15:40:59】 【INFO】法国第1296部电影--胆量与实话--id:1773102收录完成
【2018-03-07-15:41:00】 【INFO】法国第1297部电影--花落莺啼春--id:1303087收录完成
【2018-03-07-15:41:01】 【INFO】法国第1298部电影--喝彩！--id:26247311收录完成
【2018-03-07-15:41:02】 【INFO】法国第1299部电影--意大利式结婚--id:1299136收录完成
【2018-03-07-15:41:03】 【INFO】法国第1300部电影--地球禁撸之日--id:25775704收录完成
【2018-03-07-15:41:05】 【INFO】法国第1301部电影--绘爱--id:10483753收录完成
【2018-03-07-15:41:06】 【INFO】法国第1302部电影--末路狂澜--id:1308472收录完成
【2018-03-07-16:17:54】 【ERROR】法国(1064, 'You have an error in your SQL syntax; check the manual that corresponds to your MySQL server version for the right syntax to use near \'The Wife of Martin Guerre") / 丹尼尔·维加 / Natalie Zemon Davis","爱情/\' at line 1')
【2018-03-07-16:31:50】 【ERROR】法国'module' object is not callable
【2018-03-07-16:32:19】 【ERROR】法国'module' object is not callable
【2018-03-07-16:36:27】 【ERROR】法国'module' object is not callable
【2018-03-07-16:38:04】 【SETTING】
【2018-03-07-16:38:05】 【ERROR】法国(1064, 'You have an error in your SQL syntax; check the manual that corresponds to your MySQL server version for the right syntax to use near \'The Wife of Martin Guerre") / 丹尼尔·维加 / Natalie Zemon Davis","爱情/\' at line 1')
【2018-03-07-16:41:01】【ERROR】法国(1064, 'You have an error in your SQL syntax; check the manual that corresponds to your MySQL server version for the right syntax to use near \'The Wife of Martin Guerre") / 丹尼尔·维加 / Natalie Zemon Davis","爱情/\' at line 1')
【2018-03-07-16:43:25】【ERROR】法国(1064, 'You have an error in your SQL syntax; check the manual that corresponds to your MySQL server version for the right syntax to use near \'The Wife of Martin Guerre") / 丹尼尔·维加 / Natalie Zemon Davis","爱情/\' at line 1')
【2018-03-07-16:45:23】【ERROR】法国('Connection aborted.', RemoteDisconnected('Remote end closed connection without response',))
